This is pdfTeX, Version 3.141592653-2.6-1.40.25 (MiKTeX 23.5) (preloaded format=pdflatex 2023.10.22)  3 JAN 2024 20:27
entering extended mode
 restricted \write18 enabled.
 %&-line parsing enabled.
**./main.tex
(main.tex
LaTeX2e <2023-06-01> patch level 1
L3 programming layer <2023-08-29>
(C:\Users\Samson\AppData\Local\Programs\MiKTeX\tex/latex/base\report.cls
Document Class: report 2023/05/17 v1.4n Standard LaTeX document class
(C:\Users\Samson\AppData\Local\Programs\MiKTeX\tex/latex/base\size12.clo
File: size12.clo 2023/05/17 v1.4n Standard LaTeX file (size option)
)
\c@part=\count185
\c@chapter=\count186
\c@section=\count187
\c@subsection=\count188
\c@subsubsection=\count189
\c@paragraph=\count190
\c@subparagraph=\count191
\c@figure=\count192
\c@table=\count193
\abovecaptionskip=\skip48
\belowcaptionskip=\skip49
\bibindent=\dimen140
)
(C:\Users\Samson\AppData\Local\Programs\MiKTeX\tex/latex/graphics\graphicx.sty
Package: graphicx 2021/09/16 v1.2d Enhanced LaTeX Graphics (DPC,SPQR)

(C:\Users\Samson\AppData\Local\Programs\MiKTeX\tex/latex/graphics\keyval.sty
Package: keyval 2022/05/29 v1.15 key=value parser (DPC)
\KV@toks@=\toks17
)
(C:\Users\Samson\AppData\Local\Programs\MiKTeX\tex/latex/graphics\graphics.sty
Package: graphics 2022/03/10 v1.4e Standard LaTeX Graphics (DPC,SPQR)

(C:\Users\Samson\AppData\Local\Programs\MiKTeX\tex/latex/graphics\trig.sty
Package: trig 2021/08/11 v1.11 sin cos tan (DPC)
)
(C:\Users\Samson\AppData\Local\Programs\MiKTeX\tex/latex/graphics-cfg\graphics.
cfg
File: graphics.cfg 2016/06/04 v1.11 sample graphics configuration
)
Package graphics Info: Driver file: pdftex.def on input line 107.

(C:\Users\Samson\AppData\Local\Programs\MiKTeX\tex/latex/graphics-def\pdftex.de
f
File: pdftex.def 2022/09/22 v1.2b Graphics/color driver for pdftex
))
\Gin@req@height=\dimen141
\Gin@req@width=\dimen142
)
(C:\Users\Samson\AppData\Local\Programs\MiKTeX\tex/latex/preprint\fullpage.sty
Package: fullpage 1999/02/23 1.1 (PWD)
\FP@margin=\skip50
) (C:\Users\Samson\AppData\Local\Programs\MiKTeX\tex/latex/tools\longtable.sty
Package: longtable 2021-09-01 v4.17 Multi-page Table package (DPC)
\LTleft=\skip51
\LTright=\skip52
\LTpre=\skip53
\LTpost=\skip54
\LTchunksize=\count194
\LTcapwidth=\dimen143
\LT@head=\box51
\LT@firsthead=\box52
\LT@foot=\box53
\LT@lastfoot=\box54
\LT@gbox=\box55
\LT@cols=\count195
\LT@rows=\count196
\c@LT@tables=\count197
\c@LT@chunks=\count198
\LT@p@ftn=\toks18
)
(C:\Users\Samson\AppData\Local\Programs\MiKTeX\tex/latex/caption\caption.sty
Package: caption 2023/08/05 v3.6o Customizing captions (AR)

(C:\Users\Samson\AppData\Local\Programs\MiKTeX\tex/latex/caption\caption3.sty
Package: caption3 2023/07/31 v2.4d caption3 kernel (AR)
\caption@tempdima=\dimen144
\captionmargin=\dimen145
\caption@leftmargin=\dimen146
\caption@rightmargin=\dimen147
\caption@width=\dimen148
\caption@indent=\dimen149
\caption@parindent=\dimen150
\caption@hangindent=\dimen151
Package caption Info: Standard document class detected.
)
\c@caption@flags=\count199
\c@continuedfloat=\count266
Package caption Info: longtable package is loaded.

(C:\Users\Samson\AppData\Local\Programs\MiKTeX\tex/latex/caption\ltcaption.sty
Package: ltcaption 2021/01/08 v1.4c longtable captions (AR)
))
(C:\Users\Samson\AppData\Local\Programs\MiKTeX\tex/latex/hyperref\hyperref.sty
Package: hyperref 2023-07-08 v7.01b Hypertext links for LaTeX

(C:\Users\Samson\AppData\Local\Programs\MiKTeX\tex/generic/ltxcmds\ltxcmds.sty
Package: ltxcmds 2020-05-10 v1.25 LaTeX kernel commands for general use (HO)
) (C:\Users\Samson\AppData\Local\Programs\MiKTeX\tex/generic/iftex\iftex.sty
Package: iftex 2022/02/03 v1.0f TeX engine tests
)
(C:\Users\Samson\AppData\Local\Programs\MiKTeX\tex/generic/pdftexcmds\pdftexcmd
s.sty
Package: pdftexcmds 2020-06-27 v0.33 Utility functions of pdfTeX for LuaTeX (HO
)

(C:\Users\Samson\AppData\Local\Programs\MiKTeX\tex/generic/infwarerr\infwarerr.
sty
Package: infwarerr 2019/12/03 v1.5 Providing info/warning/error messages (HO)
)
Package pdftexcmds Info: \pdf@primitive is available.
Package pdftexcmds Info: \pdf@ifprimitive is available.
Package pdftexcmds Info: \pdfdraftmode found.
)
(C:\Users\Samson\AppData\Local\Programs\MiKTeX\tex/latex/kvsetkeys\kvsetkeys.st
y
Package: kvsetkeys 2022-10-05 v1.19 Key value parser (HO)
)
(C:\Users\Samson\AppData\Local\Programs\MiKTeX\tex/generic/kvdefinekeys\kvdefin
ekeys.sty
Package: kvdefinekeys 2019-12-19 v1.6 Define keys (HO)
)
(C:\Users\Samson\AppData\Local\Programs\MiKTeX\tex/generic/pdfescape\pdfescape.
sty
Package: pdfescape 2019/12/09 v1.15 Implements pdfTeX's escape features (HO)
)
(C:\Users\Samson\AppData\Local\Programs\MiKTeX\tex/latex/hycolor\hycolor.sty
Package: hycolor 2020-01-27 v1.10 Color options for hyperref/bookmark (HO)
)
(C:\Users\Samson\AppData\Local\Programs\MiKTeX\tex/latex/letltxmacro\letltxmacr
o.sty
Package: letltxmacro 2019/12/03 v1.6 Let assignment for LaTeX macros (HO)
)
(C:\Users\Samson\AppData\Local\Programs\MiKTeX\tex/latex/auxhook\auxhook.sty
Package: auxhook 2019-12-17 v1.6 Hooks for auxiliary files (HO)
)
(C:\Users\Samson\AppData\Local\Programs\MiKTeX\tex/latex/hyperref\nameref.sty
Package: nameref 2023-08-07 v2.53 Cross-referencing by name of section

(C:\Users\Samson\AppData\Local\Programs\MiKTeX\tex/latex/refcount\refcount.sty
Package: refcount 2019/12/15 v3.6 Data extraction from label references (HO)
)
(C:\Users\Samson\AppData\Local\Programs\MiKTeX\tex/generic/gettitlestring\getti
tlestring.sty
Package: gettitlestring 2019/12/15 v1.6 Cleanup title references (HO)

(C:\Users\Samson\AppData\Local\Programs\MiKTeX\tex/latex/kvoptions\kvoptions.st
y
Package: kvoptions 2022-06-15 v3.15 Key value format for package options (HO)
))
\c@section@level=\count267
)
(C:\Users\Samson\AppData\Local\Programs\MiKTeX\tex/latex/etoolbox\etoolbox.sty
Package: etoolbox 2020/10/05 v2.5k e-TeX tools for LaTeX (JAW)
\etb@tempcnta=\count268
)
\@linkdim=\dimen152
\Hy@linkcounter=\count269
\Hy@pagecounter=\count270
(C:\Users\Samson\AppData\Local\Programs\MiKTeX\tex/latex/hyperref\pd1enc.def
File: pd1enc.def 2023-07-08 v7.01b Hyperref: PDFDocEncoding definition (HO)
Now handling font encoding PD1 ...
... no UTF-8 mapping file for font encoding PD1
)
(C:\Users\Samson\AppData\Local\Programs\MiKTeX\tex/generic/intcalc\intcalc.sty
Package: intcalc 2019/12/15 v1.3 Expandable calculations with integers (HO)
)
\Hy@SavedSpaceFactor=\count271
(C:\Users\Samson\AppData\Local\Programs\MiKTeX\tex/latex/hyperref\puenc.def
File: puenc.def 2023-07-08 v7.01b Hyperref: PDF Unicode definition (HO)
Now handling font encoding PU ...
... no UTF-8 mapping file for font encoding PU
)
Package hyperref Info: Hyper figures OFF on input line 4167.
Package hyperref Info: Link nesting OFF on input line 4172.
Package hyperref Info: Hyper index ON on input line 4175.
Package hyperref Info: Plain pages OFF on input line 4182.
Package hyperref Info: Backreferencing OFF on input line 4187.
Package hyperref Info: Implicit mode ON; LaTeX internals redefined.
Package hyperref Info: Bookmarks ON on input line 4434.
\c@Hy@tempcnt=\count272

(C:\Users\Samson\AppData\Local\Programs\MiKTeX\tex/latex/url\url.sty
\Urlmuskip=\muskip16
Package: url 2013/09/16  ver 3.4  Verb mode for urls, etc.
)
LaTeX Info: Redefining \url on input line 4772.
\XeTeXLinkMargin=\dimen153

(C:\Users\Samson\AppData\Local\Programs\MiKTeX\tex/generic/bitset\bitset.sty
Package: bitset 2019/12/09 v1.3 Handle bit-vector datatype (HO)

(C:\Users\Samson\AppData\Local\Programs\MiKTeX\tex/generic/bigintcalc\bigintcal
c.sty
Package: bigintcalc 2019/12/15 v1.5 Expandable calculations on big integers (HO
)
))
\Fld@menulength=\count273
\Field@Width=\dimen154
\Fld@charsize=\dimen155
Package hyperref Info: Hyper figures OFF on input line 6051.
Package hyperref Info: Link nesting OFF on input line 6056.
Package hyperref Info: Hyper index ON on input line 6059.
Package hyperref Info: backreferencing OFF on input line 6066.
Package hyperref Info: Link coloring OFF on input line 6071.
Package hyperref Info: Link coloring with OCG OFF on input line 6076.
Package hyperref Info: PDF/A mode OFF on input line 6081.

(C:\Users\Samson\AppData\Local\Programs\MiKTeX\tex/latex/base\atbegshi-ltx.sty
Package: atbegshi-ltx 2021/01/10 v1.0c Emulation of the original atbegshi
package with kernel methods
)
\Hy@abspage=\count274
\c@Item=\count275
\c@Hfootnote=\count276
)
Package hyperref Info: Driver (autodetected): hpdftex.
 (C:\Users\Samson\AppData\Local\Programs\MiKTeX\tex/latex/hyperref\hpdftex.def
File: hpdftex.def 2023-07-08 v7.01b Hyperref driver for pdfTeX

(C:\Users\Samson\AppData\Local\Programs\MiKTeX\tex/latex/base\atveryend-ltx.sty
Package: atveryend-ltx 2020/08/19 v1.0a Emulation of the original atveryend pac
kage
with kernel methods
)
\Fld@listcount=\count277
\c@bookmark@seq@number=\count278

(C:\Users\Samson\AppData\Local\Programs\MiKTeX\tex/latex/rerunfilecheck\rerunfi
lecheck.sty
Package: rerunfilecheck 2022-07-10 v1.10 Rerun checks for auxiliary files (HO)

(C:\Users\Samson\AppData\Local\Programs\MiKTeX\tex/generic/uniquecounter\unique
counter.sty
Package: uniquecounter 2019/12/15 v1.4 Provide unlimited unique counter (HO)
)
Package uniquecounter Info: New unique counter `rerunfilecheck' on input line 2
85.
)
\Hy@SectionHShift=\skip55
)
(C:\Users\Samson\AppData\Local\Programs\MiKTeX\tex/latex/biblatex\biblatex.sty
Package: biblatex 2023/03/05 v3.19 programmable bibliographies (PK/MW)

(C:\Users\Samson\AppData\Local\Programs\MiKTeX\tex/latex/logreq\logreq.sty
Package: logreq 2010/08/04 v1.0 xml request logger
\lrq@indent=\count279

(C:\Users\Samson\AppData\Local\Programs\MiKTeX\tex/latex/logreq\logreq.def
File: logreq.def 2010/08/04 v1.0 logreq spec v1.0
))
(C:\Users\Samson\AppData\Local\Programs\MiKTeX\tex/latex/base\ifthen.sty
Package: ifthen 2022/04/13 v1.1d Standard LaTeX ifthen package (DPC)
)
\c@tabx@nest=\count280
\c@listtotal=\count281
\c@listcount=\count282
\c@liststart=\count283
\c@liststop=\count284
\c@citecount=\count285
\c@citetotal=\count286
\c@multicitecount=\count287
\c@multicitetotal=\count288
\c@instcount=\count289
\c@maxnames=\count290
\c@minnames=\count291
\c@maxitems=\count292
\c@minitems=\count293
\c@citecounter=\count294
\c@maxcitecounter=\count295
\c@savedcitecounter=\count296
\c@uniquelist=\count297
\c@uniquename=\count298
\c@refsection=\count299
\c@refsegment=\count300
\c@maxextratitle=\count301
\c@maxextratitleyear=\count302
\c@maxextraname=\count303
\c@maxextradate=\count304
\c@maxextraalpha=\count305
\c@abbrvpenalty=\count306
\c@highnamepenalty=\count307
\c@lownamepenalty=\count308
\c@maxparens=\count309
\c@parenlevel=\count310
\blx@tempcnta=\count311
\blx@tempcntb=\count312
\blx@tempcntc=\count313
\c@blx@maxsection=\count314
\blx@maxsegment@0=\count315
\blx@notetype=\count316
\blx@parenlevel@text=\count317
\blx@parenlevel@foot=\count318
\blx@sectionciteorder@0=\count319
\blx@sectionciteorderinternal@0=\count320
\blx@entrysetcounter=\count321
\blx@biblioinstance=\count322
\labelnumberwidth=\skip56
\labelalphawidth=\skip57
\biblabelsep=\skip58
\bibitemsep=\skip59
\bibnamesep=\skip60
\bibinitsep=\skip61
\bibparsep=\skip62
\bibhang=\skip63
\blx@bcfin=\read2
\blx@bcfout=\write3
\blx@langwohyphens=\language79
\c@mincomprange=\count323
\c@maxcomprange=\count324
\c@mincompwidth=\count325
Package biblatex Info: Trying to load biblatex default data model...
Package biblatex Info: ... file 'blx-dm.def' found.

(C:\Users\Samson\AppData\Local\Programs\MiKTeX\tex/latex/biblatex\blx-dm.def
File: blx-dm.def 2023/03/05 v3.19 biblatex localization (PK/MW)
)
Package biblatex Info: Trying to load biblatex custom data model...
Package biblatex Info: ... file 'biblatex-dm.cfg' not found.
\c@afterword=\count326
\c@savedafterword=\count327
\c@annotator=\count328
\c@savedannotator=\count329
\c@author=\count330
\c@savedauthor=\count331
\c@bookauthor=\count332
\c@savedbookauthor=\count333
\c@commentator=\count334
\c@savedcommentator=\count335
\c@editor=\count336
\c@savededitor=\count337
\c@editora=\count338
\c@savededitora=\count339
\c@editorb=\count340
\c@savededitorb=\count341
\c@editorc=\count342
\c@savededitorc=\count343
\c@foreword=\count344
\c@savedforeword=\count345
\c@holder=\count346
\c@savedholder=\count347
\c@introduction=\count348
\c@savedintroduction=\count349
\c@namea=\count350
\c@savednamea=\count351
\c@nameb=\count352
\c@savednameb=\count353
\c@namec=\count354
\c@savednamec=\count355
\c@translator=\count356
\c@savedtranslator=\count357
\c@shortauthor=\count358
\c@savedshortauthor=\count359
\c@shorteditor=\count360
\c@savedshorteditor=\count361
\c@labelname=\count362
\c@savedlabelname=\count363
\c@institution=\count364
\c@savedinstitution=\count365
\c@lista=\count366
\c@savedlista=\count367
\c@listb=\count368
\c@savedlistb=\count369
\c@listc=\count370
\c@savedlistc=\count371
\c@listd=\count372
\c@savedlistd=\count373
\c@liste=\count374
\c@savedliste=\count375
\c@listf=\count376
\c@savedlistf=\count377
\c@location=\count378
\c@savedlocation=\count379
\c@organization=\count380
\c@savedorganization=\count381
\c@origlocation=\count382
\c@savedoriglocation=\count383
\c@origpublisher=\count384
\c@savedorigpublisher=\count385
\c@publisher=\count386
\c@savedpublisher=\count387
\c@language=\count388
\c@savedlanguage=\count389
\c@origlanguage=\count390
\c@savedoriglanguage=\count391
\c@pageref=\count392
\c@savedpageref=\count393
\shorthandwidth=\skip64
\shortjournalwidth=\skip65
\shortserieswidth=\skip66
\shorttitlewidth=\skip67
\shortauthorwidth=\skip68
\shorteditorwidth=\skip69
\locallabelnumberwidth=\skip70
\locallabelalphawidth=\skip71
\localshorthandwidth=\skip72
\localshortjournalwidth=\skip73
\localshortserieswidth=\skip74
\localshorttitlewidth=\skip75
\localshortauthorwidth=\skip76
\localshorteditorwidth=\skip77
Package biblatex Info: Trying to load compatibility code...
Package biblatex Info: ... file 'blx-compat.def' found.

(C:\Users\Samson\AppData\Local\Programs\MiKTeX\tex/latex/biblatex\blx-compat.de
f
File: blx-compat.def 2023/03/05 v3.19 biblatex compatibility (PK/MW)
)
Package biblatex Info: Trying to load generic definitions...
Package biblatex Info: ... file 'biblatex.def' found.

(C:\Users\Samson\AppData\Local\Programs\MiKTeX\tex/latex/biblatex\biblatex.def
File: biblatex.def 2023/03/05 v3.19 biblatex compatibility (PK/MW)
\c@textcitecount=\count394
\c@textcitetotal=\count395
\c@textcitemaxnames=\count396
\c@biburlbigbreakpenalty=\count397
\c@biburlbreakpenalty=\count398
\c@biburlnumpenalty=\count399
\c@biburlucpenalty=\count400
\c@biburllcpenalty=\count401
\biburlbigskip=\muskip17
\biburlnumskip=\muskip18
\biburlucskip=\muskip19
\biburllcskip=\muskip20
\c@smartand=\count402
)
Package biblatex Info: Trying to load bibliography style 'numeric'...
Package biblatex Info: ... file 'numeric.bbx' found.

(C:\Users\Samson\AppData\Local\Programs\MiKTeX\tex/latex/biblatex/bbx\numeric.b
bx
File: numeric.bbx 2023/03/05 v3.19 biblatex bibliography style (PK/MW)
Package biblatex Info: Trying to load bibliography style 'standard'...
Package biblatex Info: ... file 'standard.bbx' found.

(C:\Users\Samson\AppData\Local\Programs\MiKTeX\tex/latex/biblatex/bbx\standard.
bbx
File: standard.bbx 2023/03/05 v3.19 biblatex bibliography style (PK/MW)
\c@bbx:relatedcount=\count403
\c@bbx:relatedtotal=\count404
))
Package biblatex Info: Trying to load citation style 'numeric'...
Package biblatex Info: ... file 'numeric.cbx' found.

(C:\Users\Samson\AppData\Local\Programs\MiKTeX\tex/latex/biblatex/cbx\numeric.c
bx
File: numeric.cbx 2023/03/05 v3.19 biblatex citation style (PK/MW)
Package biblatex Info: Redefining '\cite'.
Package biblatex Info: Redefining '\parencite'.
Package biblatex Info: Redefining '\footcite'.
Package biblatex Info: Redefining '\footcitetext'.
Package biblatex Info: Redefining '\smartcite'.
Package biblatex Info: Redefining '\supercite'.
Package biblatex Info: Redefining '\textcite'.
Package biblatex Info: Redefining '\textcites'.
Package biblatex Info: Redefining '\cites'.
Package biblatex Info: Redefining '\parencites'.
Package biblatex Info: Redefining '\smartcites'.
)
Package biblatex Info: Trying to load configuration file...
Package biblatex Info: ... file 'biblatex.cfg' found.

(C:\Users\Samson\AppData\Local\Programs\MiKTeX\tex/latex/biblatex\biblatex.cfg
File: biblatex.cfg 
)
Package biblatex Info: Input encoding 'utf8' detected.
Package biblatex Info: Document encoding is UTF8 ....
(C:\Users\Samson\AppData\Local\Programs\MiKTeX\tex/latex/l3kernel\expl3.sty
Package: expl3 2023-08-29 L3 programming layer (loader) 

(C:\Users\Samson\AppData\Local\Programs\MiKTeX\tex/latex/l3backend\l3backend-pd
ftex.def
File: l3backend-pdftex.def 2023-04-19 L3 backend support: PDF output (pdfTeX)
\l__color_backend_stack_int=\count405
\l__pdf_internal_box=\box56
))
Package biblatex Info: ... and expl3
(biblatex)             2023-08-29 L3 programming layer (loader) 
(biblatex)             is new enough (at least 2020/04/06),
(biblatex)             setting 'casechanger=expl3'.

(C:\Users\Samson\AppData\Local\Programs\MiKTeX\tex/latex/biblatex\blx-case-expl
3.sty
(C:\Users\Samson\AppData\Local\Programs\MiKTeX\tex/latex/l3packages/xparse\xpar
se.sty
Package: xparse 2023-08-29 L3 Experimental document command parser
)
Package: blx-case-expl3 2023/03/05 v3.19 expl3 case changing code for biblatex
))
(C:\Users\Samson\AppData\Local\Programs\MiKTeX\tex/latex/caption\subcaption.sty
Package: subcaption 2023/07/28 v1.6b Sub-captions (AR)
Package caption Info: New subtype `subfigure' on input line 238.
\c@subfigure=\count406
Package caption Info: New subtype `subtable' on input line 238.
\c@subtable=\count407
)
(C:\Users\Samson\AppData\Local\Programs\MiKTeX\tex/latex/setspace\setspace.sty
Package: setspace 2022/12/04 v6.7b set line spacing
) (C:\Users\Samson\AppData\Local\Programs\MiKTeX\tex/latex/tools\indentfirst.st
y
Package: indentfirst 1995/11/23 v1.03 Indent first paragraph (DPC)
) (C:\Users\Samson\AppData\Local\Programs\MiKTeX\tex/latex/forloop\forloop.sty
Package: forloop 2023/05/03 v3.0 For Loops for LaTeX
)
\c@loopctr=\count408
(C:\Users\Samson\AppData\Local\Programs\MiKTeX\tex/latex/xcolor\xcolor.sty
Package: xcolor 2022/06/12 v2.14 LaTeX color extensions (UK)

(C:\Users\Samson\AppData\Local\Programs\MiKTeX\tex/latex/graphics-cfg\color.cfg
File: color.cfg 2016/01/02 v1.6 sample color configuration
)
Package xcolor Info: Driver file: pdftex.def on input line 227.

(C:\Users\Samson\AppData\Local\Programs\MiKTeX\tex/latex/graphics\mathcolor.ltx
)
Package xcolor Info: Model `cmy' substituted by `cmy0' on input line 1353.
Package xcolor Info: Model `hsb' substituted by `rgb' on input line 1357.
Package xcolor Info: Model `RGB' extended on input line 1369.
Package xcolor Info: Model `HTML' substituted by `rgb' on input line 1371.
Package xcolor Info: Model `Hsb' substituted by `hsb' on input line 1372.
Package xcolor Info: Model `tHsb' substituted by `hsb' on input line 1373.
Package xcolor Info: Model `HSB' substituted by `hsb' on input line 1374.
Package xcolor Info: Model `Gray' substituted by `gray' on input line 1375.
Package xcolor Info: Model `wave' substituted by `hsb' on input line 1376.
)
(C:\Users\Samson\AppData\Local\Programs\MiKTeX\tex/latex/colortbl\colortbl.sty
Package: colortbl 2022/06/20 v1.0f Color table columns (DPC)

(C:\Users\Samson\AppData\Local\Programs\MiKTeX\tex/latex/tools\array.sty
Package: array 2022/09/04 v2.5g Tabular extension package (FMi)
\col@sep=\dimen156
\ar@mcellbox=\box57
\extrarowheight=\dimen157
\NC@list=\toks19
\extratabsurround=\skip78
\backup@length=\skip79
\ar@cellbox=\box58
)
\everycr=\toks20
\minrowclearance=\skip80
\rownum=\count409
)
(C:\Users\Samson\AppData\Local\Programs\MiKTeX\tex/latex/tabularray\tabularray.
sty
Package: tabularray 2023-03-01 v2023A Typeset tabulars and arrays with LaTeX3
\l__tblr_a_int=\count410
\l__tblr_c_int=\count411
\l__tblr_r_int=\count412
\l__tblr_d_dim=\dimen158
\l__tblr_h_dim=\dimen159
\l__tblr_o_dim=\dimen160
\l__tblr_p_dim=\dimen161
\l__tblr_q_dim=\dimen162
\l__tblr_r_dim=\dimen163
\l__tblr_s_dim=\dimen164
\l__tblr_t_dim=\dimen165
\l__tblr_v_dim=\dimen166
\l__tblr_w_dim=\dimen167
\l__tblr_a_box=\box59
\l__tblr_b_box=\box60
\l__tblr_c_box=\box61
\l__tblr_d_box=\box62
\g__tblr_table_count_int=\count413
\c@colnum=\count414
\c@rowcount=\count415
\c@colcount=\count416
\abovesep=\dimen168
\belowsep=\dimen169
\leftsep=\dimen170
\rightsep=\dimen171
\g_tblr_level_int=\count417
\g__tblr_data_row_key_count_int=\count418
\g__tblr_data_column_key_count_int=\count419
\g__tblr_data_cell_key_count_int=\count420
\g__tblr_array_int=\count421
\l__tblr_key_count_int=\count422
\l__tblr_key_quotient_int=\count423
\l__tblr_key_quotient_two_int=\count424
\l__tblr_key_remainder_int=\count425
\g__tblr_data_str_value_count_int=\count426
\rulewidth=\dimen172
\l__tblr_strut_dp_dim=\dimen173
\l__tblr_strut_ht_dim=\dimen174
\g__tblr_cell_wd_dim=\dimen175
\g__tblr_cell_ht_dim=\dimen176
\g__tblr_cell_head_dim=\dimen177
\g__tblr_cell_foot_dim=\dimen178
\l__column_target_dim=\dimen179
\l__tblr_caption_box=\box63
\l__tblr_caption_left_box=\box64
\l__tblr_row_head_box=\box65
\l__tblr_row_foot_box=\box66
\l__tblr_row_head_foot_dim=\dimen180
\tablewidth=\dimen181
\l__tblr_table_firsthead_box=\box67
\l__tblr_table_middlehead_box=\box68
\l__tblr_table_lasthead_box=\box69
\l__tblr_table_firstfoot_box=\box70
\l__tblr_table_middlefoot_box=\box71
\l__tblr_table_lastfoot_box=\box72
\l__tblr_remain_height_dim=\dimen182
\l__tblr_long_from_int=\count427
\l__tblr_long_to_int=\count428
\l__tblr_curr_i_int=\count429
\l__tblr_prev_i_int=\count430
\l__tblr_table_page_int=\count431
\l__tblr_table_head_box=\box73
\l__tblr_table_foot_box=\box74
\l__tblr_table_head_foot_dim=\dimen183
\l__tblr_table_head_body_foot_dim=\dimen184
\l__tblr_table_box=\box75
\l__tblr_table_hlines_box=\box76
\l__tblr_hline_box=\box77
\l__tblr_row_box=\box78
\l__tblr_col_o_wd_dim=\dimen185
\l__tblr_col_b_wd_dim=\dimen186
\l__tblr_hline_leftskip_dim=\dimen187
\l__tblr_hline_rightskip_dim=\dimen188
\l__tblr_row_ht_dim=\dimen189
\l__tblr_row_dp_dim=\dimen190
\l__tblr_row_abovesep_dim=\dimen191
\l__tblr_row_belowsep_dim=\dimen192
\l__tblr_row_vlines_box=\box79
\l__tblr_vline_box=\box80
\l__tblr_cell_box=\box81
\l__row_upper_dim=\dimen193
\l__row_lower_dim=\dimen194
\l__row_vpace_dim=\dimen195
\l__tblr_vline_aboveskip_dim=\dimen196
\l__tblr_vline_belowskip_dim=\dimen197
\l__tblr_cell_wd_dim=\dimen198
\l__tblr_cell_ht_dim=\dimen199
\l__tblr_diag_box=\box82
)
(C:\Users\Samson\AppData\Local\Programs\MiKTeX\tex/latex/amsfonts\amssymb.sty
Package: amssymb 2013/01/14 v3.01 AMS font symbols

(C:\Users\Samson\AppData\Local\Programs\MiKTeX\tex/latex/amsfonts\amsfonts.sty
Package: amsfonts 2013/01/14 v3.01 Basic AMSFonts support
\@emptytoks=\toks21
\symAMSa=\mathgroup4
\symAMSb=\mathgroup5
LaTeX Font Info:    Redeclaring math symbol \hbar on input line 98.
LaTeX Font Info:    Overwriting math alphabet `\mathfrak' in version `bold'
(Font)                  U/euf/m/n --> U/euf/b/n on input line 106.
))
(C:\Users\Samson\AppData\Local\Programs\MiKTeX\tex/latex/titlesec\titlesec.sty
Package: titlesec 2023/10/17 v2.15 Sectioning titles
\ttl@box=\box83
\beforetitleunit=\skip81
\aftertitleunit=\skip82
\ttl@plus=\dimen256
\ttl@minus=\dimen257
\ttl@toksa=\toks22
\titlewidth=\dimen258
\titlewidthlast=\dimen259
\titlewidthfirst=\dimen260
)
\c@originalchapter=\count432
\@quotelevel=\count433
\@quotereset=\count434
(main.aux)
\openout1 = `main.aux'.

LaTeX Font Info:    Checking defaults for OML/cmm/m/it on input line 43.
LaTeX Font Info:    ... okay on input line 43.
LaTeX Font Info:    Checking defaults for OMS/cmsy/m/n on input line 43.
LaTeX Font Info:    ... okay on input line 43.
LaTeX Font Info:    Checking defaults for OT1/cmr/m/n on input line 43.
LaTeX Font Info:    ... okay on input line 43.
LaTeX Font Info:    Checking defaults for T1/cmr/m/n on input line 43.
LaTeX Font Info:    ... okay on input line 43.
LaTeX Font Info:    Checking defaults for TS1/cmr/m/n on input line 43.
LaTeX Font Info:    ... okay on input line 43.
LaTeX Font Info:    Checking defaults for OMX/cmex/m/n on input line 43.
LaTeX Font Info:    ... okay on input line 43.
LaTeX Font Info:    Checking defaults for U/cmr/m/n on input line 43.
LaTeX Font Info:    ... okay on input line 43.
LaTeX Font Info:    Checking defaults for PD1/pdf/m/n on input line 43.
LaTeX Font Info:    ... okay on input line 43.
LaTeX Font Info:    Checking defaults for PU/pdf/m/n on input line 43.
LaTeX Font Info:    ... okay on input line 43.

(C:\Users\Samson\AppData\Local\Programs\MiKTeX\tex/context/base/mkii\supp-pdf.m
kii
[Loading MPS to PDF converter (version 2006.09.02).]
\scratchcounter=\count435
\scratchdimen=\dimen261
\scratchbox=\box84
\nofMPsegments=\count436
\nofMParguments=\count437
\everyMPshowfont=\toks23
\MPscratchCnt=\count438
\MPscratchDim=\dimen262
\MPnumerator=\count439
\makeMPintoPDFobject=\count440
\everyMPtoPDFconversion=\toks24
)
(C:\Users\Samson\AppData\Local\Programs\MiKTeX\tex/latex/epstopdf-pkg\epstopdf-
base.sty
Package: epstopdf-base 2020-01-24 v2.11 Base part for package epstopdf
Package epstopdf-base Info: Redefining graphics rule for `.eps' on input line 4
85.

(C:\Users\Samson\AppData\Local\Programs\MiKTeX\tex/latex/00miktex\epstopdf-sys.
cfg
File: epstopdf-sys.cfg 2021/03/18 v2.0 Configuration of epstopdf for MiKTeX
))
Package caption Info: Begin \AtBeginDocument code.
Package caption Info: hyperref package is loaded.
Package caption Info: End \AtBeginDocument code.
Package hyperref Info: Link coloring OFF on input line 43.
 (main.out) (main.out)
\@outlinefile=\write4
\openout4 = `main.out'.

Package biblatex Info: Trying to load language 'english'...
Package biblatex Info: ... file 'english.lbx' found.

(C:\Users\Samson\AppData\Local\Programs\MiKTeX\tex/latex/biblatex/lbx\english.l
bx
File: english.lbx 2023/03/05 v3.19 biblatex localization (PK/MW)
)
Package biblatex Info: Input encoding 'utf8' detected.
Package biblatex Info: Automatic encoding selection.
(biblatex)             Assuming data encoding 'utf8'.
\openout3 = `main.bcf'.

Package biblatex Info: Trying to load bibliographic data...
Package biblatex Info: ... file 'main.bbl' found.
 (main.bbl)
Package biblatex Info: Reference section=0 on input line 43.
Package biblatex Info: Reference segment=0 on input line 43.

(C:\Users\Samson\AppData\Local\Programs\MiKTeX\tex/latex/ninecolors\ninecolors.
sty
Package: ninecolors 2022-02-13 v2022D Select colors with proper color contrast
) [1

{C:/Users/Samson/AppData/Local/MiKTeX/fonts/map/pdftex/pdftex.map}]
(chapters/Abstract.tex) [1

] (main.toc
LaTeX Font Info:    Trying to load font information for U+msa on input line 4.

(C:\Users\Samson\AppData\Local\Programs\MiKTeX\tex/latex/amsfonts\umsa.fd
File: umsa.fd 2013/01/14 v3.01 AMS symbols A
)
LaTeX Font Info:    Trying to load font information for U+msb on input line 4.

(C:\Users\Samson\AppData\Local\Programs\MiKTeX\tex/latex/amsfonts\umsb.fd
File: umsb.fd 2013/01/14 v3.01 AMS symbols B
)
pdfTeX warning (ext4): destination with the same identifier (name{page.}) has b
een already used, duplicate ignored
<to be read again> 
                   \relax 
l.24 ...al Experiments and Results}{30}{chapter.9}
                                                  % [2

])
\tf@toc=\write5
\openout5 = `main.toc'.


pdfTeX warning (ext4): destination with the same identifier (name{page.}) has b
een already used, duplicate ignored
<to be read again> 
                   \relax 
l.76 \newpage
              [3]
Chapter 1.
(chapters/introduction.tex
pdfTeX warning (ext4): destination with the same identifier (name{page.1}) has 
been already used, duplicate ignored
<to be read again> 
                   \relax 
l.8 \section{Background of the Study}
                                      [1

] [2] [3]) [4]
Chapter 2.
(chapters/rrl.tex [5

] [6] [7] [8]) [9] [10]
Chapter 3.
(chapters/statementoftheproblem.tex [11

]) [12]
Chapter 4.
(chapters/objectives.tex) [13

]
Chapter 5.
(chapters/scope.tex) [14

]
Chapter 6.
(chapters/significance.tex) [15

]
Chapter 7.
(chapters/theoreticalandconceptualframework.tex

pdfTeX warning: miktex-pdftex.exe (file ./graphics/images/scnn-fc-concept.pdf):
 PDF inclusion: found PDF version <1.7>, but at most version <1.5> allowed
<graphics/images/scnn-fc-concept.pdf, id=387, 831.105pt x 471.68219pt>
File: graphics/images/scnn-fc-concept.pdf Graphic file (type pdf)
<use graphics/images/scnn-fc-concept.pdf>
Package pdftex.def Info: graphics/images/scnn-fc-concept.pdf  used on input lin
e 4.
(pdftex.def)             Requested size: 520.91031pt x 295.64272pt.

Overfull \hbox (67.94241pt too wide) in paragraph at lines 4--5
 [][] 
 []

)

LaTeX Warning: `h' float specifier changed to `ht'.

[16

] [17 <./graphics/images/scnn-fc-concept.pdf>]
Chapter 8.
(chapters/methodology.tex

pdfTeX warning: miktex-pdftex.exe (file ./graphics/images/Proposed_Model.pdf): 
PDF inclusion: found PDF version <1.7>, but at most version <1.5> allowed
<graphics/images/Proposed_Model.pdf, id=411, 651.39355pt x 356.29109pt>
File: graphics/images/Proposed_Model.pdf Graphic file (type pdf)
<use graphics/images/Proposed_Model.pdf>
Package pdftex.def Info: graphics/images/Proposed_Model.pdf  used on input line
 4.
(pdftex.def)             Requested size: 452.9679pt x 247.76021pt.
[18

 <./graphics/images/Proposed_Model.pdf>]

pdfTeX warning: miktex-pdftex.exe (file ./graphics/images/EfficientNetB0.pdf): 
PDF inclusion: found PDF version <1.7>, but at most version <1.5> allowed
<graphics/images/EfficientNetB0.pdf, id=435, 276.07141pt x 522.99388pt>
File: graphics/images/EfficientNetB0.pdf Graphic file (type pdf)
<use graphics/images/EfficientNetB0.pdf>
Package pdftex.def Info: graphics/images/EfficientNetB0.pdf  used on input line
 13.
(pdftex.def)             Requested size: 226.48395pt x 429.06525pt.


pdfTeX warning: miktex-pdftex.exe (file ./graphics/images/Proposed-SCNN-Subnetw
ork.pdf): PDF inclusion: found PDF version <1.7>, but at most version <1.5> all
owed
<graphics/images/Proposed-SCNN-Subnetwork.pdf, id=437, 297.02968pt x 522.99388p
t>
File: graphics/images/Proposed-SCNN-Subnetwork.pdf Graphic file (type pdf)
<use graphics/images/Proposed-SCNN-Subnetwork.pdf>
Package pdftex.def Info: graphics/images/Proposed-SCNN-Subnetwork.pdf  used on 
input line 22.
(pdftex.def)             Requested size: 226.48395pt x 398.79622pt.

LaTeX Warning: `h' float specifier changed to `ht'.

[19 <./graphics/images/EfficientNetB0.pdf>] [20 <./graphics/images/Proposed-SCN
N-Subnetwork.pdf>]
<graphics/images/sample_image.jpg, id=474, 513.92pt x 513.92pt>
File: graphics/images/sample_image.jpg Graphic file (type jpg)
<use graphics/images/sample_image.jpg>
Package pdftex.def Info: graphics/images/sample_image.jpg  used on input line 3
4.
(pdftex.def)             Requested size: 226.48395pt x 226.4862pt.


pdfTeX warning: miktex-pdftex.exe (file ./graphics/images/DatasetSplit.pdf): PD
F inclusion: found PDF version <1.7>, but at most version <1.5> allowed
<graphics/images/DatasetSplit.pdf, id=479, 166.7028pt x 263.06279pt>
File: graphics/images/DatasetSplit.pdf Graphic file (type pdf)
<use graphics/images/DatasetSplit.pdf>
Package pdftex.def Info: graphics/images/DatasetSplit.pdf  used on input line 4
3.
(pdftex.def)             Requested size: 226.48395pt x 357.42747pt.

LaTeX Warning: `h' float specifier changed to `ht'.

(tables/dataprofile.tex [21 <./graphics/images/sample_image.jpg>]
Overfull \hbox (15.92949pt too wide) in alignment at lines 2--8
 [] [] [] [] 
 []


Overfull \hbox (15.92949pt too wide) in alignment at lines 8--15
 [] [] [] [] 
 []


Overfull \hbox (15.92949pt too wide) in alignment at lines 15--19
 [] [] [] [] 
 []


Overfull \hbox (15.92949pt too wide) in alignment at lines 19--23
 [] [] [] [] 
 []


Overfull \hbox (15.92949pt too wide) in alignment at lines 23--126
 [] [] [] [] 
 []

[22 <./graphics/images/DatasetSplit.pdf>] [23] [24]) [25]
<graphics/images/colorspaces/hed.png, id=517, 307.1475pt x 301.3659pt>
File: graphics/images/colorspaces/hed.png Graphic file (type png)
<use graphics/images/colorspaces/hed.png>
Package pdftex.def Info: graphics/images/colorspaces/hed.png  used on input lin
e 63.
(pdftex.def)             Requested size: 99.65349pt x 97.7772pt.
<graphics/images/colorspaces/hsv.png, id=519, 307.1475pt x 301.3659pt>
File: graphics/images/colorspaces/hsv.png Graphic file (type png)
<use graphics/images/colorspaces/hsv.png>
Package pdftex.def Info: graphics/images/colorspaces/hsv.png  used on input lin
e 69.
(pdftex.def)             Requested size: 99.65349pt x 97.7772pt.
<graphics/images/colorspaces/lab.png, id=520, 307.1475pt x 301.3659pt>
File: graphics/images/colorspaces/lab.png Graphic file (type png)
<use graphics/images/colorspaces/lab.png>
Package pdftex.def Info: graphics/images/colorspaces/lab.png  used on input lin
e 75.
(pdftex.def)             Requested size: 99.65349pt x 97.7772pt.
<graphics/images/colorspaces/luv.png, id=521, 307.1475pt x 301.3659pt>
File: graphics/images/colorspaces/luv.png Graphic file (type png)
<use graphics/images/colorspaces/luv.png>
Package pdftex.def Info: graphics/images/colorspaces/luv.png  used on input lin
e 81.
(pdftex.def)             Requested size: 99.65349pt x 97.7772pt.
<graphics/images/colorspaces/rgbcie.png, id=522, 307.1475pt x 301.3659pt>
File: graphics/images/colorspaces/rgbcie.png Graphic file (type png)
<use graphics/images/colorspaces/rgbcie.png>
Package pdftex.def Info: graphics/images/colorspaces/rgbcie.png  used on input 
line 88.
(pdftex.def)             Requested size: 99.65349pt x 97.7772pt.
<graphics/images/colorspaces/xyz.png, id=523, 307.1475pt x 301.3659pt>
File: graphics/images/colorspaces/xyz.png Graphic file (type png)
<use graphics/images/colorspaces/xyz.png>
Package pdftex.def Info: graphics/images/colorspaces/xyz.png  used on input lin
e 94.
(pdftex.def)             Requested size: 99.65349pt x 97.7772pt.
<graphics/images/colorspaces/ycbcr.png, id=524, 307.1475pt x 301.3659pt>
File: graphics/images/colorspaces/ycbcr.png Graphic file (type png)
<use graphics/images/colorspaces/ycbcr.png>
Package pdftex.def Info: graphics/images/colorspaces/ycbcr.png  used on input l
ine 100.
(pdftex.def)             Requested size: 99.65349pt x 97.7772pt.
<graphics/images/colorspaces/ydbdr.png, id=525, 307.1475pt x 301.3659pt>
File: graphics/images/colorspaces/ydbdr.png Graphic file (type png)
<use graphics/images/colorspaces/ydbdr.png>
Package pdftex.def Info: graphics/images/colorspaces/ydbdr.png  used on input l
ine 106.
(pdftex.def)             Requested size: 99.65349pt x 97.7772pt.
<graphics/images/colorspaces/yiq.png, id=526, 307.1475pt x 301.3659pt>
File: graphics/images/colorspaces/yiq.png Graphic file (type png)
<use graphics/images/colorspaces/yiq.png>
Package pdftex.def Info: graphics/images/colorspaces/yiq.png  used on input lin
e 113.
(pdftex.def)             Requested size: 99.65349pt x 97.7772pt.
<graphics/images/colorspaces/ypbpr.png, id=527, 307.1475pt x 301.3659pt>
File: graphics/images/colorspaces/ypbpr.png Graphic file (type png)
<use graphics/images/colorspaces/ypbpr.png>
Package pdftex.def Info: graphics/images/colorspaces/ypbpr.png  used on input l
ine 119.
(pdftex.def)             Requested size: 99.65349pt x 97.7772pt.
<graphics/images/colorspaces/yuv.png, id=528, 307.1475pt x 301.3659pt>
File: graphics/images/colorspaces/yuv.png Graphic file (type png)
<use graphics/images/colorspaces/yuv.png>
Package pdftex.def Info: graphics/images/colorspaces/yuv.png  used on input lin
e 125.
(pdftex.def)             Requested size: 99.65349pt x 97.7772pt.
 [26 <./graphics/images/colorspaces/hed.png> <./graphics/images/colorspaces/hsv
.png> <./graphics/images/colorspaces/lab.png> <./graphics/images/colorspaces/lu
v.png> <./graphics/images/colorspaces/rgbcie.png> <./graphics/images/colorspace
s/xyz.png> <./graphics/images/colorspaces/ycbcr.png> <./graphics/images/colorsp
aces/ydbdr.png> <./graphics/images/colorspaces/yiq.png> <./graphics/images/colo
rspaces/ypbpr.png> <./graphics/images/colorspaces/yuv.png>]
<graphics/images/augmentation/flipped.png, id=555, 461.8053pt x 234.1548pt>
File: graphics/images/augmentation/flipped.png Graphic file (type png)
<use graphics/images/augmentation/flipped.png>
Package pdftex.def Info: graphics/images/augmentation/flipped.png  used on inpu
t line 149.
(pdftex.def)             Requested size: 203.83417pt x 103.35356pt.
<graphics/images/augmentation/rotated.png, id=556, 461.8053pt x 234.1548pt>
File: graphics/images/augmentation/rotated.png Graphic file (type png)
<use graphics/images/augmentation/rotated.png>
Package pdftex.def Info: graphics/images/augmentation/rotated.png  used on inpu
t line 155.
(pdftex.def)             Requested size: 203.83417pt x 103.35356pt.
<graphics/images/augmentation/translated.png, id=557, 461.8053pt x 234.1548pt>
File: graphics/images/augmentation/translated.png Graphic file (type png)
<use graphics/images/augmentation/translated.png>
Package pdftex.def Info: graphics/images/augmentation/translated.png  used on i
nput line 162.
(pdftex.def)             Requested size: 203.83417pt x 103.35356pt.
<graphics/images/augmentation/augmented.png, id=558, 461.8053pt x 234.1548pt>
File: graphics/images/augmentation/augmented.png Graphic file (type png)
<use graphics/images/augmentation/augmented.png>
Package pdftex.def Info: graphics/images/augmentation/augmented.png  used on in
put line 168.
(pdftex.def)             Requested size: 203.83417pt x 103.35356pt.
 [27 <./graphics/images/augmentation/flipped.png> <./graphics/images/augmentati
on/rotated.png> <./graphics/images/augmentation/translated.png> <./graphics/ima
ges/augmentation/augmented.png>]
Overfull \hbox (7.35326pt too wide) in paragraph at lines 188--189
[]\OT1/cmr/m/n/12 Callbacks are also uti-lized to as-sess the train-ing. Specif
-i-cally, the use of EarlyStop-
 []



pdfTeX warning: miktex-pdftex.exe (file ./graphics/images/deployment.pdf): PDF 
inclusion: found PDF version <1.7>, but at most version <1.5> allowed
<graphics/images/deployment.pdf, id=578, 333.16469pt x 110.3322pt>
File: graphics/images/deployment.pdf Graphic file (type pdf)
<use graphics/images/deployment.pdf>
Package pdftex.def Info: graphics/images/deployment.pdf  used on input line 194
.
(pdftex.def)             Requested size: 452.9679pt x 150.00937pt.
[28]) [29 <./graphics/images/deployment.pdf>]
Chapter 9.
(chapters/initialexperimentsandresults.tex

pdfTeX warning: miktex-pdftex.exe (file ./graphics/images/Proposed_Model-old.pd
f): PDF inclusion: found PDF version <1.7>, but at most version <1.5> allowed
<graphics/images/Proposed_Model-old.pdf, id=603, 651.39355pt x 356.29109pt>
File: graphics/images/Proposed_Model-old.pdf Graphic file (type pdf)
<use graphics/images/Proposed_Model-old.pdf>
Package pdftex.def Info: graphics/images/Proposed_Model-old.pdf  used on input 
line 5.
(pdftex.def)             Requested size: 452.9679pt x 247.76021pt.
[30

 <./graphics/images/Proposed_Model-old.pdf>] [31] [32]
<graphics/images/results/v2-accu1.png, id=645, 298.11375pt x 239.39438pt>
File: graphics/images/results/v2-accu1.png Graphic file (type png)
<use graphics/images/results/v2-accu1.png>
Package pdftex.def Info: graphics/images/results/v2-accu1.png  used on input li
ne 128.
(pdftex.def)             Requested size: 203.83417pt x 163.68462pt.
<graphics/images/results/v2-accu5.png, id=646, 301.8778pt x 237.88875pt>
File: graphics/images/results/v2-accu5.png Graphic file (type png)
<use graphics/images/results/v2-accu5.png>
Package pdftex.def Info: graphics/images/results/v2-accu5.png  used on input li
ne 134.
(pdftex.def)             Requested size: 203.83417pt x 160.62604pt.
<graphics/images/results/v2-loss.png, id=647, 301.8778pt x 237.88875pt>
File: graphics/images/results/v2-loss.png Graphic file (type png)
<use graphics/images/results/v2-loss.png>
Package pdftex.def Info: graphics/images/results/v2-loss.png  used on input lin
e 140.
(pdftex.def)             Requested size: 203.83417pt x 160.62604pt.
<graphics/images/results/v2-accu1-rgbxyz.png, id=651, 416.2752pt x 328.8285pt>
File: graphics/images/results/v2-accu1-rgbxyz.png Graphic file (type png)
<use graphics/images/results/v2-accu1-rgbxyz.png>
Package pdftex.def Info: graphics/images/results/v2-accu1-rgbxyz.png  used on i
nput line 155.
(pdftex.def)             Requested size: 203.83417pt x 161.01698pt.
<graphics/images/results/v2-accu5-rgbxyz.png, id=652, 416.2752pt x 328.8285pt>
File: graphics/images/results/v2-accu5-rgbxyz.png Graphic file (type png)
<use graphics/images/results/v2-accu5-rgbxyz.png>
Package pdftex.def Info: graphics/images/results/v2-accu5-rgbxyz.png  used on i
nput line 161.
(pdftex.def)             Requested size: 203.83417pt x 161.01698pt.
<graphics/images/results/v2-loss-rgbxyz.png, id=653, 416.2752pt x 328.8285pt>
File: graphics/images/results/v2-loss-rgbxyz.png Graphic file (type png)
<use graphics/images/results/v2-loss-rgbxyz.png>
Package pdftex.def Info: graphics/images/results/v2-loss-rgbxyz.png  used on in
put line 167.
(pdftex.def)             Requested size: 203.83417pt x 161.01698pt.
) [33] [34 <./graphics/images/results/v2-accu1.png> <./graphics/images/results/
v2-accu5.png> <./graphics/images/results/v2-loss.png>] [35 <./graphics/images/r
esults/v2-accu1-rgbxyz.png> <./graphics/images/results/v2-accu5-rgbxyz.png> <./
graphics/images/results/v2-loss-rgbxyz.png>]
Chapter 10.
(chapters/scheduleofactivities.tex (tables/schedule.tex
Underfull \hbox (badness 10000) in paragraph at lines 6--6
\OT1/cmr/bx/n/10.95 COM-PLISH-
 []


Overfull \hbox (3.97295pt too wide) in paragraph at lines 9--9
[]|\OT1/cmr/m/n/8 10| 
 []


Overfull \hbox (3.97295pt too wide) in paragraph at lines 9--9
[]|\OT1/cmr/m/n/8 11| 
 []


Overfull \hbox (3.97295pt too wide) in paragraph at lines 9--10
[]|\OT1/cmr/m/n/8 12| 
 []


Underfull \hbox (badness 6461) in paragraph at lines 13--14
[]|\OT1/cmr/m/n/8 To de-velop an al-
 []


Underfull \hbox (badness 4181) in paragraph at lines 15--18
[]|\OT1/cmr/m/n/8 1. Im-ple-ment an
 []


Underfull \hbox (badness 10000) in paragraph at lines 15--18
\OT1/cmr/m/n/8 test the fea-si-bil-ity
 []


Underfull \hbox (badness 3861) in paragraph at lines 15--18
\OT1/cmr/m/n/8 of the study us-ing
 []


Underfull \hbox (badness 1571) in paragraph at lines 15--18
\OT1/cmr/m/n/8 Python, Keras, and
 []


Underfull \hbox (badness 1454) in paragraph at lines 15--18
\OT1/cmr/m/n/8 2. Us-ing Ef-fi-cient-
 []


Underfull \hbox (badness 10000) in paragraph at lines 15--18
\OT1/cmr/m/n/8 NetB0 in build-ing
 []


Underfull \hbox (badness 10000) in paragraph at lines 15--18
\OT1/cmr/m/n/8 the pro-to-type to
 []


Underfull \hbox (badness 1728) in paragraph at lines 15--18
\OT1/cmr/m/n/8 see the per-for-mance
 []


Underfull \hbox (badness 10000) in paragraph at lines 15--18
\OT1/cmr/m/n/8 dif-fer-ence be-tween
 []


Underfull \hbox (badness 1831) in paragraph at lines 15--18
\OT1/cmr/m/n/8 the pre-vi-ous stud-ies
 []


Underfull \hbox (badness 10000) in paragraph at lines 15--18
\OT1/cmr/m/n/8 pro-to-type to test
 []


Underfull \hbox (badness 10000) in paragraph at lines 15--18
\OT1/cmr/m/n/8 the fea-si-bil-ity of
 []


Underfull \hbox (badness 10000) in paragraph at lines 15--18
\OT1/cmr/m/n/8 multi-color space
 []


Underfull \hbox (badness 10000) in paragraph at lines 15--18
\OT1/cmr/m/n/8 in-put per-for-mance
 []


Underfull \hbox (badness 10000) in paragraph at lines 15--18
\OT1/cmr/m/n/8 dif-fer-ence be-tween
 []


Underfull \hbox (badness 1831) in paragraph at lines 15--18
\OT1/cmr/m/n/8 the pre-vi-ous stud-ies
 []


Underfull \hbox (badness 6032) in paragraph at lines 21--22
\OT1/cmr/m/n/8 2-color space in-put
 []


Underfull \hbox (badness 2538) in paragraph at lines 21--22
\OT1/cmr/m/n/8 com-bi-na-tion for the
 []


Underfull \hbox (badness 5578) in paragraph at lines 23--24
\OT1/cmr/m/n/8 val-i-date the re-sults
 []


Overfull \hbox (32.35081pt too wide) in alignment at lines 2--26
[] [] [] [] [] [] [] [] [] [] [] [] [] [] [] 
 []

[36

] [37]
Underfull \hbox (badness 10000) in paragraph at lines 30--30
\OT1/cmr/bx/n/10.95 COM-PLISH-
 []


Overfull \hbox (3.97295pt too wide) in paragraph at lines 33--33
[]|\OT1/cmr/m/n/8 10| 
 []


Overfull \hbox (3.97295pt too wide) in paragraph at lines 33--33
[]|\OT1/cmr/m/n/8 11| 
 []


Overfull \hbox (3.97295pt too wide) in paragraph at lines 33--34
[]|\OT1/cmr/m/n/8 12| 
 []


Underfull \hbox (badness 4303) in paragraph at lines 37--38
\OT1/cmr/m/n/8 come of the study
 []


Underfull \hbox (badness 1033) in paragraph at lines 37--38
\OT1/cmr/m/n/8 to the cur-rently ac-
 []


Underfull \hbox (badness 1184) in paragraph at lines 39--43
\OT1/cmr/m/n/8 2. Per-form ex-per-i-
 []


Underfull \hbox (badness 1087) in paragraph at lines 39--43
\OT1/cmr/m/n/8 ments based on the
 []


Underfull \hbox (badness 3240) in paragraph at lines 39--43
\OT1/cmr/m/n/8 the ex-per-i-ment and
 []


Underfull \hbox (badness 10000) in paragraph at lines 47--48
[]|\OT1/cmr/m/n/8 To im-ple-ment a
 []


Underfull \hbox (badness 10000) in paragraph at lines 47--48
\OT1/cmr/m/n/8 Siamese-CNN deep
 []


Underfull \hbox (badness 10000) in paragraph at lines 47--48
\OT1/cmr/m/n/8 learn-ing model on
 []


Underfull \hbox (badness 10000) in paragraph at lines 47--48
\OT1/cmr/m/n/8 food clas-si-fi-ca-tion
 []


Underfull \hbox (badness 10000) in paragraph at lines 47--48
\OT1/cmr/m/n/8 us-ing a web-based
 []


Underfull \hbox (badness 10000) in paragraph at lines 49--52
[]|\OT1/cmr/m/n/8 1. De-velop the
 []


Underfull \hbox (badness 10000) in paragraph at lines 49--52
\OT1/cmr/m/n/8 front-end of the
 []


Underfull \hbox (badness 10000) in paragraph at lines 49--52
\OT1/cmr/m/n/8 web-based sys-tem
 []


Underfull \hbox (badness 10000) in paragraph at lines 49--52
\OT1/cmr/m/n/8 us-ing the HTML,
 []


Underfull \hbox (badness 10000) in paragraph at lines 49--52
\OT1/cmr/m/n/8 2. De-velop the
 []


Underfull \hbox (badness 10000) in paragraph at lines 49--52
\OT1/cmr/m/n/8 3. De-ploy the
 []


Underfull \hbox (badness 10000) in paragraph at lines 49--52
\OT1/cmr/m/n/8 web-based food
 []


Underfull \hbox (badness 10000) in paragraph at lines 49--52
\OT1/cmr/m/n/8 clas-si-fi-ca-tion sys-tem
 []


Overfull \hbox (32.35081pt too wide) in alignment at lines 28--55
 [] [] [] [] [] [] [] [] [] [] [] [] [] [] [] 
 []

)) [38] [39

] [40]
Overfull \hbox (29.68779pt too wide) in paragraph at lines 104--104
[]\OT1/cmr/m/n/12 Saul Mcleod. \OT1/cmr/m/it/12 Maslow's Hi-er-ar-chy of Needs\
OT1/cmr/m/n/12 . 2023. \OT1/cmr/m/sc/12 url\OT1/cmr/m/n/12 : []$\OT1/cmtt/m/n/1
2 https : / / www . simplypsychology .
 []

[41] [42] [43] (main.aux)
 ***********
LaTeX2e <2023-06-01> patch level 1
L3 programming layer <2023-08-29>
 ***********
Package rerunfilecheck Info: File `main.out' has not changed.
(rerunfilecheck)             Checksum: 059AD821B6E69BFF5886432B412E4AC1;5010.
Package logreq Info: Writing requests to 'main.run.xml'.
\openout1 = `main.run.xml'.

 ) 
Here is how much of TeX's memory you used:
 21614 strings out of 475248
 407438 string characters out of 5757340
 1963801 words of memory out of 5000000
 42743 multiletter control sequences out of 15000+600000
 566869 words of font info for 68 fonts, out of 8000000 for 9000
 1141 hyphenation exceptions out of 8191
 75i,11n,81p,2639b,1465s stack positions out of 10000i,1000n,20000p,200000b,200000s
<C:/Users/Samson/AppData/Local/Programs/MiKTeX/fonts/type1/public/amsfonts/cm
/cmbx10.pfb><C:/Users/Samson/AppData/Local/Programs/MiKTeX/fonts/type1/public/a
msfonts/cm/cmbx12.pfb><C:/Users/Samson/AppData/Local/Programs/MiKTeX/fonts/type
1/public/amsfonts/cm/cmcsc10.pfb><C:/Users/Samson/AppData/Local/Programs/MiKTeX
/fonts/type1/public/amsfonts/cm/cmex10.pfb><C:/Users/Samson/AppData/Local/Progr
ams/MiKTeX/fonts/type1/public/amsfonts/cm/cmmi12.pfb><C:/Users/Samson/AppData/L
ocal/Programs/MiKTeX/fonts/type1/public/amsfonts/cm/cmmi8.pfb><C:/Users/Samson/
AppData/Local/Programs/MiKTeX/fonts/type1/public/amsfonts/cm/cmr10.pfb><C:/User
s/Samson/AppData/Local/Programs/MiKTeX/fonts/type1/public/amsfonts/cm/cmr12.pfb
><C:/Users/Samson/AppData/Local/Programs/MiKTeX/fonts/type1/public/amsfonts/cm/
cmr17.pfb><C:/Users/Samson/AppData/Local/Programs/MiKTeX/fonts/type1/public/ams
fonts/cm/cmr8.pfb><C:/Users/Samson/AppData/Local/Programs/MiKTeX/fonts/type1/pu
blic/amsfonts/cm/cmsy10.pfb><C:/Users/Samson/AppData/Local/Programs/MiKTeX/font
s/type1/public/amsfonts/cm/cmti12.pfb><C:/Users/Samson/AppData/Local/Programs/M
iKTeX/fonts/type1/public/amsfonts/cm/cmtt12.pfb>
Output written on main.pdf (47 pages, 6224829 bytes).
PDF statistics:
 901 PDF objects out of 1000 (max. 8388607)
 146 named destinations out of 1000 (max. 500000)
 410 words of extra memory for PDF output out of 10000 (max. 10000000)

