\BOOKMARK [0][-]{chapter*.1}{\376\377\0000\000\040\000A\000b\000s\000t\000r\000a\000c\000t}{}% 1
\BOOKMARK [0][-]{chapter.1}{\376\377\000I\000n\000t\000r\000o\000d\000u\000c\000t\000i\000o\000n}{}% 2
\BOOKMARK [1][-]{section.1.1}{\376\377\000B\000a\000c\000k\000g\000r\000o\000u\000n\000d\000\040\000o\000f\000\040\000t\000h\000e\000\040\000S\000t\000u\000d\000y}{chapter.1}% 3
\BOOKMARK [2][-]{subsection.1.1.1}{\376\377\000F\000o\000o\000d\000\040\000C\000l\000a\000s\000s\000i\000f\000i\000c\000a\000t\000i\000o\000n}{section.1.1}% 4
\BOOKMARK [2][-]{subsection.1.1.2}{\376\377\000D\000e\000e\000p\000\040\000L\000e\000a\000r\000n\000i\000n\000g\000\040\000a\000n\000d\000\040\000C\000N\000N}{section.1.1}% 5
\BOOKMARK [2][-]{subsection.1.1.3}{\376\377\000S\000i\000a\000m\000e\000s\000e\000\040\000C\000o\000n\000v\000o\000l\000u\000t\000i\000o\000n\000a\000l\000\040\000N\000e\000u\000r\000a\000l\000\040\000N\000e\000t\000w\000o\000r\000k\000s}{section.1.1}% 6
\BOOKMARK [2][-]{subsection.1.1.4}{\376\377\000P\000r\000e\000-\000t\000r\000a\000i\000n\000e\000d\000\040\000C\000N\000N\000\040\000M\000o\000d\000e\000l\000s}{section.1.1}% 7
\BOOKMARK [2][-]{subsection.1.1.5}{\376\377\000M\000u\000l\000t\000i\000-\000C\000o\000l\000o\000r\000\040\000S\000p\000a\000c\000e}{section.1.1}% 8
\BOOKMARK [0][-]{chapter.2}{\376\377\000R\000e\000l\000a\000t\000e\000d\000\040\000W\000o\000r\000k\000s}{}% 9
\BOOKMARK [0][-]{chapter.3}{\376\377\000S\000t\000a\000t\000e\000m\000e\000n\000t\000\040\000o\000f\000\040\000t\000h\000e\000\040\000P\000r\000o\000b\000l\000e\000m}{}% 10
\BOOKMARK [0][-]{chapter.4}{\376\377\000O\000b\000j\000e\000c\000t\000i\000v\000e\000s}{}% 11
\BOOKMARK [1][-]{section.4.1}{\376\377\000G\000e\000n\000e\000r\000a\000l\000\040\000O\000b\000j\000e\000c\000t\000i\000v\000e}{chapter.4}% 12
\BOOKMARK [1][-]{section.4.2}{\376\377\000S\000p\000e\000c\000i\000f\000i\000c\000\040\000O\000b\000j\000e\000c\000t\000i\000v\000e\000s}{chapter.4}% 13
\BOOKMARK [0][-]{chapter.5}{\376\377\000S\000c\000o\000p\000e\000\040\000a\000n\000d\000\040\000L\000i\000m\000i\000t\000a\000t\000i\000o\000n\000s}{}% 14
\BOOKMARK [0][-]{chapter.6}{\376\377\000S\000i\000g\000n\000i\000f\000i\000c\000a\000n\000c\000e\000\040\000o\000f\000\040\000t\000h\000e\000\040\000S\000t\000u\000d\000y}{}% 15
\BOOKMARK [0][-]{chapter.7}{\376\377\000T\000h\000e\000o\000r\000i\000t\000i\000c\000a\000l\000\040\000a\000n\000d\000\040\000C\000o\000n\000c\000e\000p\000t\000u\000a\000l\000\040\000F\000r\000a\000m\000e\000w\000o\000r\000k}{}% 16
\BOOKMARK [0][-]{chapter.8}{\376\377\000P\000r\000o\000p\000o\000s\000e\000d\000\040\000M\000e\000t\000h\000o\000d\000o\000l\000o\000g\000y}{}% 17
\BOOKMARK [1][-]{section.8.1}{\376\377\000N\000e\000t\000w\000o\000r\000k\000\040\000D\000e\000s\000i\000g\000n\000\040\000a\000n\000d\000\040\000A\000r\000c\000h\000i\000t\000e\000c\000t\000u\000r\000e}{chapter.8}% 18
\BOOKMARK [1][-]{section.8.2}{\376\377\000D\000a\000t\000a\000s\000e\000t}{chapter.8}% 19
\BOOKMARK [1][-]{section.8.3}{\376\377\000D\000a\000t\000a\000\040\000P\000r\000o\000c\000e\000s\000s\000i\000n\000g}{chapter.8}% 20
\BOOKMARK [1][-]{section.8.4}{\376\377\000M\000o\000d\000e\000l\000\040\000T\000r\000a\000i\000n\000i\000n\000g\000\040\000a\000n\000d\000\040\000E\000v\000a\000l\000u\000a\000t\000i\000o\000n\000\040\000D\000e\000t\000a\000i\000l\000s}{chapter.8}% 21
\BOOKMARK [1][-]{section.8.5}{\376\377\000D\000e\000p\000l\000o\000y\000m\000e\000n\000t}{chapter.8}% 22
\BOOKMARK [0][-]{chapter.9}{\376\377\000I\000n\000i\000t\000i\000a\000l\000\040\000E\000x\000p\000e\000r\000i\000m\000e\000n\000t\000s\000\040\000a\000n\000d\000\040\000R\000e\000s\000u\000l\000t\000s}{}% 23
\BOOKMARK [1][-]{section.9.1}{\376\377\000V\000e\000r\000s\000i\000o\000n\000\040\0001\000\040\000E\000x\000p\000e\000r\000i\000m\000e\000n\000t\000s}{chapter.9}% 24
\BOOKMARK [2][-]{subsection.9.1.1}{\376\377\000D\000a\000t\000a\000s\000e\000t}{section.9.1}% 25
\BOOKMARK [2][-]{subsection.9.1.2}{\376\377\000C\000o\000n\000f\000i\000g\000u\000r\000a\000t\000i\000o\000n}{section.9.1}% 26
\BOOKMARK [2][-]{subsection.9.1.3}{\376\377\000R\000e\000s\000u\000l\000t\000s}{section.9.1}% 27
\BOOKMARK [1][-]{section.9.2}{\376\377\000V\000e\000r\000s\000i\000o\000n\000\040\0002\000\040\000E\000x\000p\000e\000r\000i\000m\000e\000n\000t}{chapter.9}% 28
\BOOKMARK [2][-]{subsection.9.2.1}{\376\377\000D\000a\000t\000a\000s\000e\000t}{section.9.2}% 29
\BOOKMARK [2][-]{subsection.9.2.2}{\376\377\000C\000o\000n\000f\000i\000g\000u\000r\000a\000t\000i\000o\000n}{section.9.2}% 30
\BOOKMARK [2][-]{subsection.9.2.3}{\376\377\000R\000e\000s\000u\000l\000t\000s\000:\000\040\000R\000G\000B\000+\000L\000A\000B}{section.9.2}% 31
\BOOKMARK [2][-]{subsection.9.2.4}{\376\377\000R\000e\000s\000u\000l\000t\000s\000:\000\040\000R\000G\000B\000+\000X\000Y\000Z}{section.9.2}% 32
\BOOKMARK [0][-]{chapter.10}{\376\377\000S\000c\000h\000e\000d\000u\000l\000e\000\040\000o\000f\000\040\000A\000c\000t\000i\000v\000i\000t\000i\000e\000s}{}% 33
